<?xml version="1.0" encoding="UTF-8"?>
<!-- Generated by org.testng.reporters.JUnitReportReporter -->
<testsuite hostname="Sterin-PC" failures="0" tests="6" name="testng.Testngdemo" time="0.022" errors="0" timestamp="2024-09-05T16:10:15 IST" skipped="1">
  <testcase classname="testng.Testngdemo" name="test4" time="0.009"/>
  <system-out/>
  <testcase classname="testng.Testngdemo" name="test2" time="0.002"/>
  <system-out/>
  <testcase classname="testng.Testngdemo" name="test1" time="0.006"/>
  <system-out/>
  <testcase classname="testng.Testngdemo" name="test1" time="0.003"/>
  <system-out/>
  <testcase classname="testng.Testngdemo" name="test1" time="0.002"/>
  <system-out/>
  <testcase classname="testng.Testngdemo" name="test3">
    <skipped/>
  </testcase> <!-- test3 -->
  <system-out/>
</testsuite> <!-- testng.Testngdemo -->
