<?xml version="1.0" encoding="UTF-8"?>
<!-- Generated by org.testng.reporters.JUnitReportReporter -->
<testsuite hostname="Sterin-PC" failures="0" tests="2" name="testng.Guru" time="0.618" errors="0" timestamp="2024-09-06T17:22:25 IST" skipped="0">
  <testcase classname="testng.Guru" name="test2" time="0.185"/>
  <system-out/>
  <testcase classname="testng.Guru" name="test" time="0.433"/>
  <system-out/>
</testsuite> <!-- testng.Guru -->
