<?xml version="1.0" encoding="UTF-8"?>
<!-- Generated by org.testng.reporters.JUnitReportReporter -->
<testsuite hostname="Sterin-PC" failures="0" tests="1" name="testng.Copypaste" time="0.615" errors="0" timestamp="2024-09-06T16:33:21 IST" skipped="0">
  <testcase classname="testng.Copypaste" name="copypaste" time="0.615"/>
  <system-out/>
</testsuite> <!-- testng.Copypaste -->
