<?xml version="1.0" encoding="UTF-8"?>
<!-- Generated by org.testng.reporters.JUnitReportReporter -->
<testsuite hostname="Sterin-PC" failures="0" tests="1" name="testng.Parameter$Parametrise" time="0.013" errors="0" timestamp="2024-09-05T16:20:49 IST" skipped="0">
  <testcase classname="testng.Parameter$Parametrise" name="test" time="0.013"/>
  <system-out/>
</testsuite> <!-- testng.Parameter$Parametrise -->
