<?xml version="1.0" encoding="UTF-8"?>
<!-- Generated by org.testng.reporters.JUnitReportReporter -->
<testsuite hostname="Sterin-PC" failures="0" tests="1" name="testpkg.Fblogintest" time="1.766" errors="0" timestamp="2024-09-24T17:00:01 IST" skipped="0">
  <testcase classname="testpkg.Fblogintest" name="test" time="1.766"/>
  <system-out/>
</testsuite> <!-- testpkg.Fblogintest -->
